<?xml version="1.0" encoding="UTF-8"?>
<coverage generated="1785677427196" clover="3.2.0">
  <project timestamp="1785677427196" name="All files">
    <metrics statements="8" coveredstatements="8" conditionals="0" coveredconditionals="0" methods="0" coveredmethods="0" elements="8" coveredelements="8" complexity="0" loc="8" ncloc="8" packages="1" files="5" classes="5"/>
    <file name="achievements.json" path="C:\Users\Alexey Samoylov\Desktop\Projects\Samoy.love Homepage\src\data\achievements.json">
      <metrics statements="0" coveredstatements="0" conditionals="0" coveredconditionals="0" methods="0" coveredmethods="0"/>
    </file>
    <file name="profile.json" path="C:\Users\Alexey Samoylov\Desktop\Projects\Samoy.love Homepage\src\data\profile.json">
      <metrics statements="8" coveredstatements="8" conditionals="0" coveredconditionals="0" methods="0" coveredmethods="0"/>
      <line num="1" count="1" type="stmt"/>
      <line num="2" count="1" type="stmt"/>
      <line num="3" count="1" type="stmt"/>
      <line num="4" count="1" type="stmt"/>
      <line num="5" count="1" type="stmt"/>
      <line num="6" count="1" type="stmt"/>
      <line num="7" count="1" type="stmt"/>
      <line num="8" count="1" type="stmt"/>
    </file>
    <file name="projects.json" path="C:\Users\Alexey Samoylov\Desktop\Projects\Samoy.love Homepage\src\data\projects.json">
      <metrics statements="0" coveredstatements="0" conditionals="0" coveredconditionals="0" methods="0" coveredmethods="0"/>
    </file>
    <file name="timeline.json" path="C:\Users\Alexey Samoylov\Desktop\Projects\Samoy.love Homepage\src\data\timeline.json">
      <metrics statements="0" coveredstatements="0" conditionals="0" coveredconditionals="0" methods="0" coveredmethods="0"/>
    </file>
    <file name="work.json" path="C:\Users\Alexey Samoylov\Desktop\Projects\Samoy.love Homepage\src\data\work.json">
      <metrics statements="0" coveredstatements="0" conditionals="0" coveredconditionals="0" methods="0" coveredmethods="0"/>
    </file>
  </project>
</coverage>
