{"C:\\Users\\Alexey Samoylov\\Desktop\\Projects\\Samoy.love Homepage\\src\\data\\achievements.json": {"path":"C:\\Users\\Alexey Samoylov\\Desktop\\Projects\\Samoy.love Homepage\\src\\data\\achievements.json","statementMap":{},"fnMap":{},"branchMap":{},"s":{},"f":{},"b":{},"meta":{"lastBranch":0,"lastFunction":0,"lastStatement":0,"seen":{},"fnNames":{}}}
,"C:\\Users\\Alexey Samoylov\\Desktop\\Projects\\Samoy.love Homepage\\src\\data\\profile.json": {"path":"C:\\Users\\Alexey Samoylov\\Desktop\\Projects\\Samoy.love Homepage\\src\\data\\profile.json","statementMap":{"0":{"start":{"line":1,"column":20},"end":{"line":1,"column":38}},"1":{"start":{"line":2,"column":23},"end":{"line":2,"column":131}},"2":{"start":{"line":3,"column":22},"end":{"line":3,"column":54}},"3":{"start":{"line":4,"column":28},"end":{"line":4,"column":119}},"4":{"start":{"line":5,"column":21},"end":{"line":5,"column":280}},"5":{"start":{"line":6,"column":22},"end":{"line":6,"column":231}},"6":{"start":{"line":7,"column":36},"end":{"line":7,"column":76}},"7":{"start":{"line":8,"column":24},"end":{"line":8,"column":123}}},"fnMap":{},"branchMap":{},"s":{"0":1,"1":1,"2":1,"3":1,"4":1,"5":1,"6":1,"7":1},"f":{},"b":{},"meta":{"lastBranch":0,"lastFunction":0,"lastStatement":8,"seen":{"s:1:20:1:38":0,"s:2:23:2:131":1,"s:3:22:3:54":2,"s:4:28:4:119":3,"s:5:21:5:280":4,"s:6:22:6:231":5,"s:7:36:7:76":6,"s:8:24:8:123":7},"fnNames":{}}}
,"C:\\Users\\Alexey Samoylov\\Desktop\\Projects\\Samoy.love Homepage\\src\\data\\projects.json": {"path":"C:\\Users\\Alexey Samoylov\\Desktop\\Projects\\Samoy.love Homepage\\src\\data\\projects.json","statementMap":{},"fnMap":{},"branchMap":{},"s":{},"f":{},"b":{},"meta":{"lastBranch":0,"lastFunction":0,"lastStatement":0,"seen":{},"fnNames":{}}}
,"C:\\Users\\Alexey Samoylov\\Desktop\\Projects\\Samoy.love Homepage\\src\\data\\timeline.json": {"path":"C:\\Users\\Alexey Samoylov\\Desktop\\Projects\\Samoy.love Homepage\\src\\data\\timeline.json","statementMap":{},"fnMap":{},"branchMap":{},"s":{},"f":{},"b":{},"meta":{"lastBranch":0,"lastFunction":0,"lastStatement":0,"seen":{},"fnNames":{}}}
,"C:\\Users\\Alexey Samoylov\\Desktop\\Projects\\Samoy.love Homepage\\src\\data\\work.json": {"path":"C:\\Users\\Alexey Samoylov\\Desktop\\Projects\\Samoy.love Homepage\\src\\data\\work.json","statementMap":{},"fnMap":{},"branchMap":{},"s":{},"f":{},"b":{},"meta":{"lastBranch":0,"lastFunction":0,"lastStatement":0,"seen":{},"fnNames":{}}}
}
